<?xml version="1.0" encoding="UTF-8"?>
<testsuite name="com.jchen.demo.DemoApplicationTests" tests="1" skipped="0" failures="0" errors="0" timestamp="2021-03-19T08:42:23" hostname="Q39XP4S2" time="0.237">
  <properties/>
  <testcase name="contextLoads()" classname="com.jchen.demo.DemoApplicationTests" time="0.237"/>
  <system-out><![CDATA[16:42:21.592 [Test worker] DEBUG org.springframework.test.context.BootstrapUtils - Instantiating CacheAwareContextLoaderDelegate from class [org.springframework.test.context.cache.DefaultCacheAwareContextLoaderDelegate]
16:42:21.609 [Test worker] DEBUG org.springframework.test.context.BootstrapUtils - Instantiating BootstrapContext using constructor [public org.springframework.test.context.support.DefaultBootstrapContext(java.lang.Class,org.springframework.test.context.CacheAwareContextLoaderDelegate)]
16:42:21.643 [Test worker] DEBUG org.springframework.test.context.BootstrapUtils - Instantiating TestContextBootstrapper for test class [com.jchen.demo.DemoApplicationTests] from class [org.springframework.boot.test.context.SpringBootTestContextBootstrapper]
16:42:21.655 [Test worker] INFO org.springframework.boot.test.context.SpringBootTestContextBootstrapper - Neither @ContextConfiguration nor @ContextHierarchy found for test class [com.jchen.demo.DemoApplicationTests], using SpringBootContextLoader
16:42:21.659 [Test worker] DEBUG org.springframework.test.context.support.AbstractContextLoader - Did not detect default resource location for test class [com.jchen.demo.DemoApplicationTests]: class path resource [com/jchen/demo/DemoApplicationTests-context.xml] does not exist
16:42:21.660 [Test worker] DEBUG org.springframework.test.context.support.AbstractContextLoader - Did not detect default resource location for test class [com.jchen.demo.DemoApplicationTests]: class path resource [com/jchen/demo/DemoApplicationTestsContext.groovy] does not exist
16:42:21.660 [Test worker] INFO org.springframework.test.context.support.AbstractContextLoader - Could not detect default resource locations for test class [com.jchen.demo.DemoApplicationTests]: no resource found for suffixes {-context.xml, Context.groovy}.
16:42:21.660 [Test worker] INFO org.springframework.test.context.support.AnnotationConfigContextLoaderUtils - Could not detect default configuration classes for test class [com.jchen.demo.DemoApplicationTests]: DemoApplicationTests does not declare any static, non-private, non-final, nested classes annotated with @Configuration.
16:42:21.727 [Test worker] DEBUG org.springframework.test.context.support.ActiveProfilesUtils - Could not find an 'annotation declaring class' for annotation type [org.springframework.test.context.ActiveProfiles] and class [com.jchen.demo.DemoApplicationTests]
16:42:21.820 [Test worker] DEBUG org.springframework.context.annotation.ClassPathScanningCandidateComponentProvider - Identified candidate component class: file [C:\workspace\SpringBoot\SpringBootDemo\build\classes\java\main\com\jchen\demo\DemoApplication.class]
16:42:21.821 [Test worker] INFO org.springframework.boot.test.context.SpringBootTestContextBootstrapper - Found @SpringBootConfiguration com.jchen.demo.DemoApplication for test class com.jchen.demo.DemoApplicationTests
16:42:21.970 [Test worker] DEBUG org.springframework.boot.test.context.SpringBootTestContextBootstrapper - @TestExecutionListeners is not present for class [com.jchen.demo.DemoApplicationTests]: using defaults.
16:42:21.971 [Test worker] INFO org.springframework.boot.test.context.SpringBootTestContextBootstrapper - Loaded default TestExecutionListener class names from location [META-INF/spring.factories]: [org.springframework.boot.test.autoconfigure.restdocs.RestDocsTestExecutionListener, org.springframework.boot.test.autoconfigure.web.client.MockRestServiceServerResetTestExecutionListener, org.springframework.boot.test.autoconfigure.web.servlet.MockMvcPrintOnlyOnFailureTestExecutionListener, org.springframework.boot.test.autoconfigure.web.servlet.WebDriverTestExecutionListener, org.springframework.boot.test.autoconfigure.webservices.client.MockWebServiceServerTestExecutionListener, org.springframework.boot.test.mock.mockito.MockitoTestExecutionListener, org.springframework.boot.test.mock.mockito.ResetMocksTestExecutionListener, org.springframework.test.context.web.ServletTestExecutionListener, org.springframework.test.context.support.DirtiesContextBeforeModesTestExecutionListener, org.springframework.test.context.event.ApplicationEventsTestExecutionListener, org.springframework.test.context.support.DependencyInjectionTestExecutionListener, org.springframework.test.context.support.DirtiesContextTestExecutionListener, org.springframework.test.context.transaction.TransactionalTestExecutionListener, org.springframework.test.context.jdbc.SqlScriptsTestExecutionListener, org.springframework.test.context.event.EventPublishingTestExecutionListener]
16:42:21.985 [Test worker] DEBUG org.springframework.boot.test.context.SpringBootTestContextBootstrapper - Skipping candidate TestExecutionListener [org.springframework.test.context.transaction.TransactionalTestExecutionListener] due to a missing dependency. Specify custom listener classes or make the default listener classes and their required dependencies available. Offending class: [org/springframework/transaction/interceptor/TransactionAttributeSource]
16:42:21.985 [Test worker] DEBUG org.springframework.boot.test.context.SpringBootTestContextBootstrapper - Skipping candidate TestExecutionListener [org.springframework.test.context.jdbc.SqlScriptsTestExecutionListener] due to a missing dependency. Specify custom listener classes or make the default listener classes and their required dependencies available. Offending class: [org/springframework/transaction/interceptor/TransactionAttribute]
16:42:21.985 [Test worker] INFO org.springframework.boot.test.context.SpringBootTestContextBootstrapper - Using TestExecutionListeners: [org.springframework.test.context.web.ServletTestExecutionListener@610814a6, org.springframework.test.context.support.DirtiesContextBeforeModesTestExecutionListener@3175a770, org.springframework.test.context.event.ApplicationEventsTestExecutionListener@5c5808d4, org.springframework.boot.test.mock.mockito.MockitoTestExecutionListener@21ebca73, org.springframework.boot.test.autoconfigure.SpringBootDependencyInjectionTestExecutionListener@6757cc, org.springframework.test.context.support.DirtiesContextTestExecutionListener@1cb52e97, org.springframework.test.context.event.EventPublishingTestExecutionListener@379b7d, org.springframework.boot.test.autoconfigure.restdocs.RestDocsTestExecutionListener@7f70615a, org.springframework.boot.test.autoconfigure.web.client.MockRestServiceServerResetTestExecutionListener@4513804f, org.springframework.boot.test.autoconfigure.web.servlet.MockMvcPrintOnlyOnFailureTestExecutionListener@7067cfec, org.springframework.boot.test.autoconfigure.web.servlet.WebDriverTestExecutionListener@4cb75eee, org.springframework.boot.test.autoconfigure.webservices.client.MockWebServiceServerTestExecutionListener@30319c93, org.springframework.boot.test.mock.mockito.ResetMocksTestExecutionListener@69796322]
16:42:21.990 [Test worker] DEBUG org.springframework.test.context.support.AbstractDirtiesContextTestExecutionListener - Before test class: context [DefaultTestContext@194b947b testClass = DemoApplicationTests, testInstance = [null], testMethod = [null], testException = [null], mergedContextConfiguration = [WebMergedContextConfiguration@46cf671 testClass = DemoApplicationTests, locations = '{}', classes = '{class com.jchen.demo.DemoApplication}', contextInitializerClasses = '[]', activeProfiles = '{}', propertySourceLocations = '{}', propertySourceProperties = '{org.springframework.boot.test.context.SpringBootTestContextBootstrapper=true}', contextCustomizers = set[org.springframework.boot.test.autoconfigure.actuate.metrics.MetricsExportContextCustomizerFactory$DisableMetricExportContextCustomizer@5592d75f, org.springframework.boot.test.autoconfigure.properties.PropertyMappingContextCustomizer@0, org.springframework.boot.test.autoconfigure.web.servlet.WebDriverContextCustomizerFactory$Customizer@5972883e, org.springframework.boot.test.context.filter.ExcludeFilterContextCustomizer@11c3bef9, org.springframework.boot.test.json.DuplicateJsonObjectContextCustomizerFactory$DuplicateJsonObjectContextCustomizer@35b4865b, org.springframework.boot.test.mock.mockito.MockitoContextCustomizer@0, org.springframework.boot.test.web.client.TestRestTemplateContextCustomizer@67068656, org.springframework.boot.test.context.SpringBootTestArgs@1, org.springframework.boot.test.context.SpringBootTestWebEnvironment@55b9d3fe], resourceBasePath = 'src/main/webapp', contextLoader = 'org.springframework.boot.test.context.SpringBootContextLoader', parent = [null]], attributes = map['org.springframework.test.context.web.ServletTestExecutionListener.activateListener' -> true]], class annotated with @DirtiesContext [false] with mode [null].
16:42:22.022 [Test worker] DEBUG org.springframework.test.context.support.TestPropertySourceUtils - Adding inlined properties to environment: {spring.jmx.enabled=false, org.springframework.boot.test.context.SpringBootTestContextBootstrapper=true}

  .   ____          _            __ _ _
 /\\ / ___'_ __ _ _(_)_ __  __ _ \ \ \ \
( ( )\___ | '_ | '_| | '_ \/ _` | \ \ \ \
 \\/  ___)| |_)| | | | | || (_| |  ) ) ) )
  '  |____| .__|_| |_|_| |_\__, | / / / /
 =========|_|==============|___/=/_/_/_/
 :: Spring Boot ::                (v2.4.4)

2021-03-19 16:42:22.270  INFO 44668 --- [    Test worker] com.jchen.demo.DemoApplicationTests      : Starting DemoApplicationTests using Java 1.8.0_191 on Q39XP4S2 with PID 44668 (started by JChen in C:\workspace\SpringBoot\SpringBootDemo)
2021-03-19 16:42:22.272  INFO 44668 --- [    Test worker] com.jchen.demo.DemoApplicationTests      : No active profile set, falling back to default profiles: default
2021-03-19 16:42:23.329  INFO 44668 --- [    Test worker] o.s.s.concurrent.ThreadPoolTaskExecutor  : Initializing ExecutorService 'applicationTaskExecutor'
2021-03-19 16:42:23.608  INFO 44668 --- [    Test worker] com.jchen.demo.DemoApplicationTests      : Started DemoApplicationTests in 1.579 seconds (JVM running for 2.883)
]]></system-out>
  <system-err><![CDATA[]]></system-err>
</testsuite>
